<?xml version="1.0" encoding="UTF-8"?>
<testng-results skipped="0" failed="1" ignored="0" total="1" passed="0">
  <reporter-output>
  </reporter-output>
  <suite name="Default suite" duration-ms="11795" started-at="2023-02-24T20:26:46 IST" finished-at="2023-02-24T20:26:58 IST">
    <groups>
      <group name="cucumber">
        <method signature="AbstractTestNGCucumberTests.runScenario(io.cucumber.testng.PickleWrapper,io.cucumber.testng.FeatureWrapper)[pri:0, instance:CucumberOptions.Failed_TestRunner@2df32bf7]" name="runScenario" class="io.cucumber.testng.AbstractTestNGCucumberTests"/>
      </group> <!-- cucumber -->
    </groups>
    <test name="Default test" duration-ms="11795" started-at="2023-02-24T20:26:46 IST" finished-at="2023-02-24T20:26:58 IST">
      <class name="CucumberOptions.Failed_TestRunner">
        <test-method status="PASS" signature="setUpClass(org.testng.ITestContext)[pri:0, instance:CucumberOptions.Failed_TestRunner@2df32bf7]" name="setUpClass" is-config="true" duration-ms="880" started-at="2023-02-24T20:26:46 IST" finished-at="2023-02-24T20:26:47 IST">
          <params>
            <param index="0">
              <value>
                <![CDATA[org.testng.TestRunner@2baa8d82]]>
              </value>
            </param>
          </params>
          <reporter-output>
          </reporter-output>
        </test-method> <!-- setUpClass -->
        <test-method status="FAIL" signature="runScenario(io.cucumber.testng.PickleWrapper,io.cucumber.testng.FeatureWrapper)[pri:0, instance:CucumberOptions.Failed_TestRunner@2df32bf7]" name="runScenario" duration-ms="9622" started-at="2023-02-24T20:26:47 IST" description="Runs Cucumber Scenarios" data-provider="scenarios" finished-at="2023-02-24T20:26:57 IST">
          <params>
            <param index="0">
              <value>
                <![CDATA["Search Experience for the product seach in both home and offers page"]]>
              </value>
            </param>
            <param index="1">
              <value>
                <![CDATA["Search and Place the order for products"]]>
              </value>
            </param>
          </params>
          <exception class="java.lang.AssertionError">
            <message>
              <![CDATA[expected [Beetroot] but found [No data]]]>
            </message>
            <full-stacktrace>
              <![CDATA[java.lang.AssertionError: expected [Beetroot] but found [No data]
at org.testng.Assert.fail(Assert.java:110)
at org.testng.Assert.failNotEquals(Assert.java:1413)
at org.testng.Assert.assertEqualsImpl(Assert.java:149)
at org.testng.Assert.assertEquals(Assert.java:131)
at org.testng.Assert.assertEquals(Assert.java:655)
at org.testng.Assert.assertEquals(Assert.java:665)
at StepDefinations.Offerpage_stepdefination.Check_if_product_exist_with_same_name_in_landing_page(Offerpage_stepdefination.java:45)
at âœ½.Check if product exist with same name in landing page(file:///C:/Users/Supraja%20Shivakumar/eclipse-workspace/Cucumber-framework/src/test/java/Features/SearchProduct.feature:7)
]]>
            </full-stacktrace>
          </exception> <!-- java.lang.AssertionError -->
          <reporter-output>
          </reporter-output>
        </test-method> <!-- runScenario -->
        <test-method status="PASS" signature="tearDownClass()[pri:0, instance:CucumberOptions.Failed_TestRunner@2df32bf7]" name="tearDownClass" is-config="true" duration-ms="1249" started-at="2023-02-24T20:26:57 IST" finished-at="2023-02-24T20:26:58 IST">
          <reporter-output>
          </reporter-output>
        </test-method> <!-- tearDownClass -->
      </class> <!-- CucumberOptions.Failed_TestRunner -->
    </test> <!-- Default test -->
  </suite> <!-- Default suite -->
</testng-results>
